              _             
             (_)            
   __ _ _ __  _ _ __   __ _ 
  / _` | '_ \| | '_ \ / _` |
 | (_| | | | | | | | | (_| |
  \__, |_| |_|_|_| |_|\__,_|
   __/ |                    
  |___/                     

gnina v1.1 master:e4cb380+   Built Dec 18 2023.
gnina is based on smina and AutoDock Vina.
Please cite appropriately.

Commandline: /home/bmc/gnina/gnina -r receptor.pdb -l tmp/1107337.pdbqt --autobox_ligand ligand_halo.pdb --autobox_add 10 --num_modes 5 --cpu 24 -o gnina_out_chembl/1107337.sdf --exhaustiveness 16 --cnn_scoring none --no_gpu
Using random seed: -1765842868

0%   10   20   30   40   50   60   70   80   90   100%
|----|----|----|----|----|----|----|----|----|----|
***************************************************

mode |  affinity  |  intramol  |    CNN     |   CNN
     | (kcal/mol) | (kcal/mol) | pose score | affinity
-----+------------+------------+------------+----------
    1       -8.21        2.07      -1.0000      0.000
    2       -8.21       -0.28      -1.0000      0.000
    3       -8.09       -0.35      -1.0000      0.000
    4       -7.48        1.10      -1.0000      0.000
    5       -7.37        1.70      -1.0000      0.000
