              _             
             (_)            
   __ _ _ __  _ _ __   __ _ 
  / _` | '_ \| | '_ \ / _` |
 | (_| | | | | | | | | (_| |
  \__, |_| |_|_|_| |_|\__,_|
   __/ |                    
  |___/                     

gnina v1.1 master:e4cb380+   Built Dec 18 2023.
gnina is based on smina and AutoDock Vina.
Please cite appropriately.

Commandline: /home/bmc/gnina/gnina -r receptor.pdb -l tmp/142506.pdbqt --autobox_ligand ligand_halo.pdb --autobox_add 10 --num_modes 5 --cpu 24 -o gnina_out_chembl/142506.sdf --exhaustiveness 16 --cnn_scoring none --no_gpu
Using random seed: -1033000142

0%   10   20   30   40   50   60   70   80   90   100%
|----|----|----|----|----|----|----|----|----|----|
***************************************************

mode |  affinity  |  intramol  |    CNN     |   CNN
     | (kcal/mol) | (kcal/mol) | pose score | affinity
-----+------------+------------+------------+----------
    1       -7.46       -0.30      -1.0000      0.000
    2       -7.43       -0.30      -1.0000      0.000
    3       -7.39        0.49      -1.0000      0.000
    4       -7.21       -0.01      -1.0000      0.000
    5       -6.59       -0.32      -1.0000      0.000
