              _             
             (_)            
   __ _ _ __  _ _ __   __ _ 
  / _` | '_ \| | '_ \ / _` |
 | (_| | | | | | | | | (_| |
  \__, |_| |_|_|_| |_|\__,_|
   __/ |                    
  |___/                     

gnina v1.1 master:e4cb380+   Built Dec 18 2023.
gnina is based on smina and AutoDock Vina.
Please cite appropriately.

Commandline: /home/bmc/gnina/gnina -r receptor.pdb -l tmp/234971.pdbqt --autobox_ligand ligand_halo.pdb --autobox_add 10 --num_modes 5 --cpu 24 -o gnina_out_chembl/234971.sdf --exhaustiveness 16 --cnn_scoring none --no_gpu
Using random seed: 2147305747

0%   10   20   30   40   50   60   70   80   90   100%
|----|----|----|----|----|----|----|----|----|----|
***************************************************
 | pose 0 | initial pose not within box

mode |  affinity  |  intramol  |    CNN     |   CNN
     | (kcal/mol) | (kcal/mol) | pose score | affinity
-----+------------+------------+------------+----------
    1       -9.51       -0.67      -1.0000      0.000
    2       -9.47       -0.60      -1.0000      0.000
    3       -9.18       -0.35      -1.0000      0.000
    4       -9.09       -0.86      -1.0000      0.000
    5       -8.97       -0.81      -1.0000      0.000
